src/app/Speech/app/build/outputs/mapping/dev/release/seeds.txt
com.google.cloud.android.speech.MainActivity
com.google.cloud.android.speech.MainActivity: MainActivity()
com.google.cloud.android.speech.R$anim: int abc_fade_in
com.google.cloud.android.speech.R$anim: int abc_fade_out
com.google.cloud.android.speech.R$anim: int abc_grow_fade_in_from_bottom
com.google.cloud.android.speech.R$anim: int abc_popup_enter
com.google.cloud.android.speech.R$anim: int abc_popup_exit
com.google.cloud.android.speech.R$anim: int abc_shrink_fade_out_from_bottom
com.google.cloud.android.speech.R$anim: int abc_slide_in_bottom
com.google.cloud.android.speech.R$anim: int abc_slide_in_top
com.google.cloud.android.speech.R$anim: int abc_slide_out_bottom
com.google.cloud.android.speech.R$anim: int abc_slide_out_top
com.google.cloud.android.speech.R$anim: int design_bottom_sheet_slide_in
com.google.cloud.android.speech.R$anim: int design_bottom_sheet_slide_out
com.google.cloud.android.speech.R$anim: int design_fab_in
com.google.cloud.android.speech.R$anim: int design_fab_out
com.google.cloud.android.speech.R$anim: int design_snackbar_in
com.google.cloud.android.speech.R$anim: int design_snackbar_out
com.google.cloud.android.speech.R$animator: int design_appbar_state_list_animator
com.google.cloud.android.speech.R$attr: int actionBarDivider
com.google.cloud.android.speech.R$attr: int actionBarItemBackground
com.google.cloud.android.speech.R$attr: int actionBarPopupTheme
com.google.cloud.android.speech.R$attr: int actionBarSize
com.google.cloud.android.speech.R$attr: int actionBarSplitStyle
com.google.cloud.android.speech.R$attr: int actionBarStyle
com.google.cloud.android.speech.R$attr: int actionBarTabBarStyle
com.google.cloud.android.speech.R$attr: int actionBarTabStyle
com.google.cloud.android.speech.R$attr: int actionBarTabTextStyle
com.google.cloud.android.speech.R$attr: int actionBarTheme
com.google.cloud.android.speech.R$attr: int actionBarWidgetTheme
com.google.cloud.android.speech.R$attr: int actionButtonStyle
com.google.cloud.android.speech.R$attr: int actionDropDownStyle
com.google.cloud.android.speech.R$attr: int actionLayout
com.google.cloud.android.speech.R$attr: int actionMenuTextAppearance
com.google.cloud.android.speech.R$attr: int actionMenuTextColor
com.google.cloud.android.speech.R$attr: int actionModeBackground
com.google.cloud.android.speech.R$attr: int actionModeCloseButtonStyle
com.google.cloud.android.speech.R$attr: int actionModeCloseDrawable
com.google.cloud.android.speech.R$attr: int actionModeCopyDrawable
com.google.cloud.android.speech.R$attr: int actionModeCutDrawable
com.google.cloud.android.speech.R$attr: int actionModeFindDrawable
com.google.cloud.android.speech.R$attr: int actionModePasteDrawable
com.google.cloud.android.speech.R$bool: int abc_action_bar_embed_tabs
com.google.cloud.android.speech.R$bool: int abc_allow_stacked_button_bar
com.google.cloud.android.speech.R$bool: int abc_config_actionMenuItemAllCaps
com.google.cloud.android.speech.R$bool: int abc_config_closeDialogWhenTouchOutside
com.google.cloud.android.speech.R$bool: int abc_config_showMenuShortcutsWhenKeyboardPresent
...
com.google.common.primitives.Chars$LexicographicalComparator: com.google.common.primitives.Chars$LexicographicalComparator[] values()
com.google.common.primitives.Chars$LexicographicalComparator: com.google.common.primitives.Chars$LexicographicalComparator valueOf(java.lang.String)
com.google.common.primitives.Doubles$LexicographicalComparator: com.google.common.primitives.Doubles$LexicographicalComparator[] values()
com.google.common.primitives.Doubles$LexicographicalComparator: com.google.common.primitives.Doubles$LexicographicalComparator valueOf(java.lang.String)
com.google.common.primitives.Floats$LexicographicalComparator: com.google.common.primitives.Floats$LexicographicalComparator[] values()
com.google.common.primitives.Floats$LexicographicalComparator: com.google.common.primitives.Floats$LexicographicalComparator valueOf(java.lang.String)
com.google.common.primitives.Ints$LexicographicalComparator: com.google.common.primitives.Ints$LexicographicalComparator[] values()
com.google.common.primitives.Ints$LexicographicalComparator: com.google.common.primitives.Ints$LexicographicalComparator valueOf(java.lang.String)
com.google.common.primitives.Longs$LexicographicalComparator: com.google.common.primitives.Longs$LexicographicalComparator[] values()
com.google.common.primitives.Longs$LexicographicalComparator: com.google.common.primitives.Longs$LexicographicalComparator valueOf(java.lang.String)
com.google.common.primitives.Shorts$LexicographicalComparator: com.google.common.primitives.Shorts$LexicographicalComparator[] values()
com.google.common.primitives.Shorts$LexicographicalComparator: com.google.common.primitives.Shorts$LexicographicalComparator valueOf(java.lang.String)
com.google.common.primitives.SignedBytes$LexicographicalComparator: com.google.common.primitives.SignedBytes$LexicographicalComparator[] values()
com.google.common.primitives.SignedBytes$LexicographicalComparator: com.google.common.primitives.SignedBytes$LexicographicalComparator valueOf(java.lang.String)
com.google.common.primitives.UnsignedBytes$LexicographicalComparatorHolder$PureJavaComparator: com.google.common.primitives.UnsignedBytes$LexicographicalComparatorHolder$PureJavaComparator[] values()
com.google.common.primitives.UnsignedBytes$LexicographicalComparatorHolder$PureJavaComparator: com.google.common.primitives.UnsignedBytes$LexicographicalComparatorHolder$PureJavaComparator valueOf(java.lang.String)
com.google.common.primitives.UnsignedBytes$LexicographicalComparatorHolder$UnsafeComparator: com.google.common.primitives.UnsignedBytes$LexicographicalComparatorHolder$UnsafeComparator[] values()
com.google.common.primitives.UnsignedBytes$LexicographicalComparatorHolder$UnsafeComparator: com.google.common.primitives.UnsignedBytes$LexicographicalComparatorHolder$UnsafeComparator valueOf(java.lang.String)
com.google.common.primitives.UnsignedInts$LexicographicalComparator: com.google.common.primitives.UnsignedInts$LexicographicalComparator[] values()
com.google.common.primitives.UnsignedInts$LexicographicalComparator: com.google.common.primitives.UnsignedInts$LexicographicalComparator valueOf(java.lang.String)
com.google.common.primitives.UnsignedLongs$LexicographicalComparator: com.google.common.primitives.UnsignedLongs$LexicographicalComparator[] values()
com.google.common.primitives.UnsignedLongs$LexicographicalComparator: com.google.common.primitives.UnsignedLongs$LexicographicalComparator valueOf(java.lang.String)
com.google.common.reflect.TypeToken$TypeFilter: com.google.common.reflect.TypeToken$TypeFilter[] values()
com.google.common.reflect.TypeToken$TypeFilter: com.google.common.reflect.TypeToken$TypeFilter valueOf(java.lang.String)
com.google.common.reflect.Types$ClassOwnership: com.google.common.reflect.Types$ClassOwnership[] values()
com.google.common.reflect.Types$ClassOwnership: com.google.common.reflect.Types$ClassOwnership valueOf(java.lang.String)