src/app/Speech/app/build/outputs/mapping/dev/release/mapping.txt
com.google.cloud.android.speech.MainActivity -> com.google.cloud.android.speech.MainActivity:
    com.google.cloud.android.speech.SpeechService mSpeechService -> n
    com.google.cloud.android.speech.VoiceRecorder mVoiceRecorder -> o
    com.google.cloud.android.speech.VoiceRecorder$Callback mVoiceCallback -> p
    int mColorHearing -> q
    int mColorNotHearing -> r
    android.widget.TextView mStatus -> s
    android.widget.TextView mText -> t
    com.google.cloud.android.speech.MainActivity$ResultAdapter mAdapter -> u
    android.support.v7.widget.RecyclerView mRecyclerView -> v
    android.content.ServiceConnection mServiceConnection -> w
    com.google.cloud.android.speech.SpeechService$Listener mSpeechServiceListener -> x
    void <init>() -> <init>
    void onCreate(android.os.Bundle) -> onCreate
    void onStart() -> onStart
    void onStop() -> onStop
    void onSaveInstanceState(android.os.Bundle) -> onSaveInstanceState
    void onRequestPermissionsResult(int,java.lang.String[],int[]) -> onRequestPermissionsResult
    boolean onCreateOptionsMenu(android.view.Menu) -> onCreateOptionsMenu
    boolean onOptionsItemSelected(android.view.MenuItem) -> onOptionsItemSelected
    void startVoiceRecorder() -> k
    void stopVoiceRecorder() -> l
    void showPermissionMessageDialog() -> m
    void showStatus(boolean) -> b
    void onMessageDialogDismissed() -> j
    void access$000(com.google.cloud.android.speech.MainActivity,boolean) -> a
com.google.cloud.android.speech.MainActivity$1 -> com.google.cloud.android.speech.MainActivity$1:
    com.google.cloud.android.speech.MainActivity this$0 -> a
    void <init>(com.google.cloud.android.speech.MainActivity) -> <init>
    void onVoiceStart() -> a
    void onVoice(byte[],int) -> a
    void onVoiceEnd() -> b
com.google.cloud.android.speech.MainActivity$2 -> com.google.cloud.android.speech.MainActivity$2:
    com.google.cloud.android.speech.MainActivity this$0 -> a
    void <init>(com.google.cloud.android.speech.MainActivity) -> <init>
    void onServiceConnected(android.content.ComponentName,android.os.IBinder) -> onServiceConnected
    void onServiceDisconnected(android.content.ComponentName) -> onServiceDisconnected
com.google.cloud.android.speech.MainActivity$3 -> com.google.cloud.android.speech.MainActivity$3:
    boolean val$hearingVoice -> a
    com.google.cloud.android.speech.MainActivity this$0 -> b
    void <init>(com.google.cloud.android.speech.MainActivity,boolean) -> <init>
    void run() -> run
com.google.cloud.android.speech.MainActivity$4 -> com.google.cloud.android.speech.MainActivity$4:
    com.google.cloud.android.speech.MainActivity this$0 -> a
    void <init>(com.google.cloud.android.speech.MainActivity) -> <init>
    void onSpeechRecognized(java.lang.String,boolean) -> a
com.google.cloud.android.speech.MainActivity$4$1 -> com.google.cloud.android.speech.MainActivity$4$1:
    boolean val$isFinal -> a
    java.lang.String val$text -> b
    com.google.cloud.android.speech.MainActivity$4 this$1 -> c
    void <init>(com.google.cloud.android.speech.MainActivity$4,boolean,java.lang.String) -> <init>
    void run() -> run
com.google.cloud.android.speech.MainActivity$ResultAdapter -> com.google.cloud.android.speech.MainActivity$a:
    java.util.ArrayList mResults -> a
    void <init>(java.util.ArrayList) -> <init>
    com.google.cloud.android.speech.MainActivity$ViewHolder onCreateViewHolder(android.view.ViewGroup,int) -> c
    void onBindViewHolder(com.google.cloud.android.speech.MainActivity$ViewHolder,int) -> a
    int getItemCount() -> a
    void addResult(java.lang.String) -> a
    java.util.ArrayList getResults() -> c
    void onBindViewHolder(android.support.v7.widget.RecyclerView$ViewHolder,int) -> a
    android.support.v7.widget.RecyclerView$ViewHolder onCreateViewHolder(android.view.ViewGroup,int) -> a
...
android.support.v4.widget.NestedScrollView$OnScrollChangeListener -> android.support.v4.widget.NestedScrollView$b:
    void onScrollChange(android.support.v4.widget.NestedScrollView,int,int,int,int) -> a
android.support.v4.widget.NestedScrollView$SavedState -> android.support.v4.widget.NestedScrollView$c:
    int scrollPosition -> a
    android.os.Parcelable$Creator CREATOR -> CREATOR
    void <init>(android.os.Parcelable) -> <init>
    void <init>(android.os.Parcel) -> <init>
    void writeToParcel(android.os.Parcel,int) -> writeToParcel
    java.lang.String toString() -> toString
    void <clinit>() -> <clinit>
android.support.v4.widget.NestedScrollView$SavedState$1 -> android.support.v4.widget.NestedScrollView$c$1:
    void <init>() -> <init>
    android.support.v4.widget.NestedScrollView$SavedState createFromParcel(android.os.Parcel) -> a
    android.support.v4.widget.NestedScrollView$SavedState[] newArray(int) -> a
    java.lang.Object[] newArray(int) -> newArray
    java.lang.Object createFromParcel(android.os.Parcel) -> createFromParcel
android.support.v4.widget.PopupWindowCompat -> android.support.v4.widget.r:
    android.support.v4.widget.PopupWindowCompat$PopupWindowImpl IMPL -> a
    void showAsDropDown(android.widget.PopupWindow,android.view.View,int,int,int) -> a
    void setOverlapAnchor(android.widget.PopupWindow,boolean) -> a
    void setWindowLayoutType(android.widget.PopupWindow,int) -> a
    void <clinit>() -> <clinit>
android.support.v4.widget.PopupWindowCompat$Api21PopupWindowImpl -> android.support.v4.widget.r$a:
    void <init>() -> <init>
    void setOverlapAnchor(android.widget.PopupWindow,boolean) -> a
android.support.v4.widget.PopupWindowCompat$Api23PopupWindowImpl -> android.support.v4.widget.r$b:
    void <init>() -> <init>
    void setOverlapAnchor(android.widget.PopupWindow,boolean) -> a
    void setWindowLayoutType(android.widget.PopupWindow,int) -> a
android.support.v4.widget.PopupWindowCompat$BasePopupWindowImpl -> android.support.v4.widget.r$c:
    java.lang.reflect.Method sSetWindowLayoutTypeMethod -> a
    boolean sSetWindowLayoutTypeMethodAttempted -> b
    void <init>() -> <init>
    void showAsDropDown(android.widget.PopupWindow,android.view.View,int,int,int) -> a
    void setOverlapAnchor(android.widget.PopupWindow,boolean) -> a
    void setWindowLayoutType(android.widget.PopupWindow,int) -> a
android.support.v4.widget.PopupWindowCompat$KitKatPopupWindowImpl -> android.support.v4.widget.r$d:
    void <init>() -> <init>
    void showAsDropDown(android.widget.PopupWindow,android.view.View,int,int,int) -> a
android.support.v4.widget.PopupWindowCompat$PopupWindowImpl -> android.support.v4.widget.r$e:
    void showAsDropDown(android.widget.PopupWindow,android.view.View,int,int,int) -> a
    void setOverlapAnchor(android.widget.PopupWindow,boolean) -> a
    void setWindowLayoutType(android.widget.PopupWindow,int) -> a
android.support.v4.widget.PopupWindowCompatApi21 -> android.support.v4.widget.s:
    java.lang.reflect.Field sOverlapAnchorField -> a
    void setOverlapAnchor(android.widget.PopupWindow,boolean) -> a
    void <clinit>() -> <clinit>
android.support.v4.widget.PopupWindowCompatApi23 -> android.support.v4.widget.t:
    void setOverlapAnchor(android.widget.PopupWindow,boolean) -> a
    void setWindowLayoutType(android.widget.PopupWindow,int) -> a
android.support.v4.widget.PopupWindowCompatKitKat -> android.support.v4.widget.u:
    void showAsDropDown(android.widget.PopupWindow,android.view.View,int,int,int) -> a