src/app/Speech/app/build/outputs/mapping/dev/release/usage.txt
com.google.cloud.android.speech.BuildConfig
com.google.cloud.android.speech.MainActivity:
    private static final java.lang.String FRAGMENT_MESSAGE_DIALOG
    private static final java.lang.String STATE_RESULTS
    private static final int REQUEST_RECORD_AUDIO_PERMISSION
com.google.cloud.android.speech.MessageDialogFragment:
    private static final java.lang.String ARG_MESSAGE
com.google.cloud.android.speech.R
com.google.cloud.android.speech.R$anim
com.google.cloud.android.speech.R$animator
com.google.cloud.android.speech.R$attr
com.google.cloud.android.speech.R$bool
com.google.cloud.android.speech.R$color
com.google.cloud.android.speech.R$dimen
com.google.cloud.android.speech.R$drawable
com.google.cloud.android.speech.R$id
com.google.cloud.android.speech.R$integer
com.google.cloud.android.speech.R$layout
com.google.cloud.android.speech.R$menu
com.google.cloud.android.speech.R$mipmap
com.google.cloud.android.speech.R$raw
com.google.cloud.android.speech.R$string
com.google.cloud.android.speech.R$style
com.google.cloud.android.speech.R$styleable
com.google.cloud.android.speech.R$xml
com.google.cloud.android.speech.SpeechService:
    private static final java.lang.String TAG
    private static final java.lang.String PREFS
    private static final java.lang.String PREF_ACCESS_TOKEN_VALUE
    private static final java.lang.String PREF_ACCESS_TOKEN_EXPIRATION_TIME
    private static final int ACCESS_TOKEN_EXPIRATION_TOLERANCE
    private static final int ACCESS_TOKEN_FETCH_MARGIN
    private static final java.lang.String HOSTNAME
    private static final int PORT
com.google.cloud.android.speech.VoiceRecorder:
    private static final int CHANNEL
    private static final int ENCODING
    private static final int AMPLITUDE_THRESHOLD
    private static final int SPEECH_TIMEOUT_MILLIS
    private static final int MAX_SPEECH_LENGTH_MILLIS
...
io.grpc.internal.ExponentialBackoffPolicy:
    83:84:io.grpc.internal.ExponentialBackoffPolicy setRandom(java.util.Random)
    89:90:io.grpc.internal.ExponentialBackoffPolicy setInitialBackoffNanos(long)
    95:96:io.grpc.internal.ExponentialBackoffPolicy setMaxBackoffNanos(long)
    101:102:io.grpc.internal.ExponentialBackoffPolicy setMultiplier(double)
    107:108:io.grpc.internal.ExponentialBackoffPolicy setJitter(double)
io.grpc.internal.FailingClientStream:
    62:62:io.grpc.Status getError()
io.grpc.internal.FailingClientTransport:
    63:63:public io.grpc.internal.ClientStream newStream(io.grpc.MethodDescriptor,io.grpc.Metadata)
io.grpc.internal.ForwardingConnectionClientTransport:
    65:65:public io.grpc.internal.ClientStream newStream(io.grpc.MethodDescriptor,io.grpc.Metadata)
io.grpc.internal.ForwardingReadableBuffer:
    70:70:public int readUnsignedMedium()
    75:75:public int readUnsignedShort()
    80:80:public int readInt()
    85:86:public void skipBytes(int)
    95:96:public void readBytes(java.nio.ByteBuffer)
    100:101:public void readBytes(java.io.OutputStream,int)
    110:110:public boolean hasArray()
    115:115:public byte[] array()
    120:120:public int arrayOffset()
io.grpc.internal.Framer:
    public abstract void dispose()
    public abstract io.grpc.internal.Framer setMessageCompression(boolean)
io.grpc.internal.GrpcUtil:
    public static final int DEFAULT_PORT_PLAINTEXT
    public static final int DEFAULT_PORT_SSL
    public static final java.lang.String CONTENT_TYPE_GRPC
    public static final java.lang.String HTTP_METHOD
    public static final java.lang.String TE_TRAILERS
    public static final java.lang.String TIMEOUT
    public static final java.lang.String MESSAGE_ENCODING
    public static final java.lang.String MESSAGE_ACCEPT_ENCODING
    public static final int DEFAULT_MAX_MESSAGE_SIZE
    public static final int DEFAULT_MAX_HEADER_LIST_SIZE
    public static final long KEEPALIVE_TIME_NANOS_DISABLED
    public static final long SERVER_KEEPALIVE_TIME_NANOS_DISABLED
    409:413:public static java.lang.String checkAuthority(java.lang.String)
io.grpc.internal.GrpcUtil$1:
    private static final java.lang.String NAME
io.grpc.internal.GrpcUtil$4:
    611:611:public io.grpc.internal.ClientStream newStream(io.grpc.MethodDescriptor,io.grpc.Metadata)
io.grpc.internal.InternalHandlerRegistry
io.grpc.internal.InternalHandlerRegistry$1
io.grpc.internal.InternalHandlerRegistry$Builder
io.grpc.internal.InternalServer
io.grpc.internal.InternalSubchannel:
    394:398:io.grpc.EquivalentAddressGroup getAddressGroup()
    418:422:io.grpc.ConnectivityState getState()
io.grpc.internal.IoUtils:
    private static final int MAX_BUFFER_LENGTH
    39:39:public IoUtils()
io.grpc.internal.KeepAliveManager:
    246:246:public static long clampKeepAliveTimeInNanos(long)
    253:253:public static long clampKeepAliveTimeoutInNanos(long)
io.grpc.internal.LogId:
    58:58:public long getId()
    62:62:public java.lang.String getTag()
io.grpc.internal.ManagedChannelImpl:
    static final long IDLE_TIMEOUT_MILLIS_DISABLE
    static final long SUBCHANNEL_SHUTDOWN_DELAY_SECONDS
    496:509:public io.grpc.internal.ManagedChannelImpl shutdownNow()
    524:524:public boolean isTerminated()
    82:82:public bridge synthetic io.grpc.ManagedChannel shutdownNow()
    83:83:static synthetic boolean access$1800(io.grpc.internal.ManagedChannelImpl)
    83:83:static synthetic boolean access$1802(io.grpc.internal.ManagedChannelImpl,boolean)
    83:83:static synthetic io.grpc.internal.ObjectPool access$3000(io.grpc.internal.ManagedChannelImpl)
    83:83:static synthetic java.util.Set access$3100(io.grpc.internal.ManagedChannelImpl)
io.grpc.internal.ManagedChannelImpl$6